[dotenv@17.2.3] injecting env (5) from .env -- tip: ≡ƒùé∩╕Å backup and recover secrets: https://dotenvx.com/ops
MongoServerError: bad auth : Authentication failed.
    at Connection.sendCommand (C:\Users\Mohsin\Desktop\e-commerce-app\node_modules\mongoose\node_modules\mongodb\lib\cmap\connection.js:306:27)
    at process.processTicksAndRejections (node:internal/process/task_queues:105:5)
    at async Connection.command (C:\Users\Mohsin\Desktop\e-commerce-app\node_modules\mongoose\node_modules\mongodb\lib\cmap\connection.js:334:26)
    at async executeScram (C:\Users\Mohsin\Desktop\e-commerce-app\node_modules\mongoose\node_modules\mongodb\lib\cmap\auth\scram.js:79:22)
    at async ScramSHA256.auth (C:\Users\Mohsin\Desktop\e-commerce-app\node_modules\mongoose\node_modules\mongodb\lib\cmap\auth\scram.js:39:16)
    at async performInitialHandshake (C:\Users\Mohsin\Desktop\e-commerce-app\node_modules\mongoose\node_modules\mongodb\lib\cmap\connect.js:104:13)
    at async connect (C:\Users\Mohsin\Desktop\e-commerce-app\node_modules\mongoose\node_modules\mongodb\lib\cmap\connect.js:24:9) {
  errorLabelSet: Set(2) { 'HandshakeError', 'ResetPool' },
  errorResponse: {
    ok: 0,
    errmsg: 'bad auth : Authentication failed.',
    code: 8000,
    codeName: 'AtlasError'
  },
  ok: 0,
  code: 8000,
  codeName: 'AtlasError',
  connectionGeneration: 0
}
C:\Users\Mohsin\Desktop\e-commerce-app\node_modules\connect-mongodb-session\index.js:110
        var e = new Error('Error connecting to db: ' + error.message);
                ^

Error: Error connecting to db: bad auth : Authentication failed.
    at C:\Users\Mohsin\Desktop\e-commerce-app\node_modules\connect-mongodb-session\index.js:110:17
    at process.processTicksAndRejections (node:internal/process/task_queues:105:5)

Node.js v22.20.0
